
Showing logs for build [32mcb-kubecd-bdd-gh-1582080289-pr-s6nmz-1[0m stage [32mfrom-build-pack[0m and container [32mstep-credential-initializer-pzkjs[0m
{"level":"warn","ts":1582082206.27756,"logger":"fallback-logger","caller":"logging/config.go:69","msg":"Fetch GitHub commit ID from kodata failed: \"ref: refs/heads/0.8.0-**-support-backwards-incompats\" is not a valid GitHub commit ID"}
{"level":"info","ts":1582082206.278204,"logger":"fallback-logger","caller":"creds-init/main.go:40","msg":"Credentials initialized."}

Showing logs for build [32mcb-kubecd-bdd-gh-1582080289-pr-s6nmz-1[0m stage [32mfrom-build-pack[0m and container [32mstep-working-dir-initializer-zkmhg[0m
{"level":"warn","ts":1582082207.6363347,"logger":"fallback-logger","caller":"logging/config.go:69","msg":"Fetch GitHub commit ID from kodata failed: open /var/run/ko/HEAD: no such file or directory"}
{"level":"info","ts":1582082207.638224,"logger":"fallback-logger","caller":"bash/main.go:64","msg":"Successfully executed command \"sh -c mkdir -p /workspace/source\"; output "}

Showing logs for build [32mcb-kubecd-bdd-gh-1582080289-pr-s6nmz-1[0m stage [32mfrom-build-pack[0m and container [32mstep-place-tools[0m

Showing logs for build [32mcb-kubecd-bdd-gh-1582080289-pr-s6nmz-1[0m stage [32mfrom-build-pack[0m and container [32mstep-git-source-cb-kubecd-bdd-gh-1582080289-pr-s6nmz-dllq2[0m
{"level":"warn","ts":1582082214.7840133,"logger":"fallback-logger","caller":"logging/config.go:69","msg":"Fetch GitHub commit ID from kodata failed: \"ref: refs/heads/0.8.0-**-support-backwards-incompats\" is not a valid GitHub commit ID"}
{"level":"info","ts":1582082216.0286305,"logger":"fallback-logger","caller":"git/git.go:103","msg":"Successfully cloned https://github.com/cb-kubecd/bdd-gh-1582080289.git @ master in path /workspace/source"}

Showing logs for build [32mcb-kubecd-bdd-gh-1582080289-pr-s6nmz-1[0m stage [32mfrom-build-pack[0m and container [32mstep-git-merge[0m
Using SHAs from PULL_REFS=master:8120eab6260f20d6cc5170b01d086409eebf41ba,1:a3a2805b8440e40d0652610a26fccee960f7abfe
DEBUG: LC_ALL=C JX_LOG_LEVEL=error git fetch origin --unshallow a3a2805b8440e40d0652610a26fccee960f7abfe: 8120eab6260f20d6cc5170b01d086409eebf41ba:
DEBUG: ran git fetch --unshallow origin a3a2805b8440e40d0652610a26fccee960f7abfe: 8120eab6260f20d6cc5170b01d086409eebf41ba: in 
DEBUG: LC_ALL=C JX_LOG_LEVEL=error git branch
DEBUG: LC_ALL=C JX_LOG_LEVEL=error git checkout master
DEBUG: ran git checkout master in 
DEBUG: LC_ALL=C JX_LOG_LEVEL=error git reset --hard 8120eab6260f20d6cc5170b01d086409eebf41ba
DEBUG: ran git reset --hard 8120eab6260f20d6cc5170b01d086409eebf41ba in 
DEBUG: LC_ALL=C JX_LOG_LEVEL=error git clean -fd .
DEBUG: ran clean --force -d . in 
DEBUG: LC_ALL=C JX_LOG_LEVEL=error git merge a3a2805b8440e40d0652610a26fccee960f7abfe
DEBUG: ran git merge a3a2805b8440e40d0652610a26fccee960f7abfe in 
DEBUG: LC_ALL=C JX_LOG_LEVEL=error git log --format=%H%x1f%an%x1f%ae%x1f%cn%x1f%ce%x1f%s%n%b%x1e 8120eab6260f20d6cc5170b01d086409eebf41ba..HEAD
Merged SHA a3a2805b8440e40d0652610a26fccee960f7abfe with commit message 'My first PR commit' into base branch master

Showing logs for build [32mcb-kubecd-bdd-gh-1582080289-pr-s6nmz-1[0m stage [32mfrom-build-pack[0m and container [32mstep-build-make-linux[0m
CGO_ENABLED=0 GOOS=linux GOARCH=amd64 GO15VENDOREXPERIMENT=1 go build -ldflags '' -o bin/bdd-gh-1582080289 main.go

Showing logs for build [32mcb-kubecd-bdd-gh-1582080289-pr-s6nmz-1[0m stage [32mfrom-build-pack[0m and container [32mstep-build-container-build[0m
[36mINFO[0m[0000] No base image, nothing to extract            
[36mINFO[0m[0000] cmd: EXPOSE                                  
[36mINFO[0m[0000] Adding exposed port: 8080/tcp                
[36mINFO[0m[0000] Using files from context: [/workspace/source/bin] 
[36mINFO[0m[0000] Skipping unpacking as no commands require it. 
[36mINFO[0m[0000] Taking snapshot of full filesystem...        
[36mINFO[0m[0000] EXPOSE 8080                                  
[36mINFO[0m[0000] cmd: EXPOSE                                  
[36mINFO[0m[0000] Adding exposed port: 8080/tcp                
[36mINFO[0m[0000] No files changed in this command, skipping snapshotting. 
[36mINFO[0m[0000] ENTRYPOINT ["/bdd-gh-1582080289"]            
[36mINFO[0m[0000] No files changed in this command, skipping snapshotting. 
[36mINFO[0m[0000] Using files from context: [/workspace/source/bin] 
[36mINFO[0m[0000] COPY ./bin/ /                                
[36mINFO[0m[0000] Taking snapshot of files...                  
2020/02/19 03:17:14 pushed blob: sha256:fab3f3131ec385c64f87ab4bd20cc0a84dccba06cf033d3ab4add9a78f081d85
2020/02/19 03:17:15 pushed blob: sha256:692e88742fc5b4d945f5b7daac63f40e1934eea6815daf8b502d55a94c09e4da
2020/02/19 03:17:16 gcr.io/jenkins-x-bdd3/bdd-gh-1582080289:0.0.0-SNAPSHOT-PR-1-1: digest: sha256:cf5e74277dc7729f88e96e079e4647bc54d234c828201b2025ec80f37a2c4334 size: 428

Showing logs for build [32mcb-kubecd-bdd-gh-1582080289-pr-s6nmz-1[0m stage [32mfrom-build-pack[0m and container [32mstep-postbuild-post-build[0m
no CVE provider running in the current ** namespace so skip adding image to be analysed

Showing logs for build [32mcb-kubecd-bdd-gh-1582080289-pr-s6nmz-1[0m stage [32mfrom-build-pack[0m and container [32mstep-promote-make-preview[0m
sed -i -e "s/version:.*/version: 0.0.0-SNAPSHOT-PR-1-1/" Chart.yaml
sed -i -e "s/version:.*/version: 0.0.0-SNAPSHOT-PR-1-1/" ../*/Chart.yaml
sed -i -e "s|repository:.*|repository: gcr.io\/jenkins-x-bdd3\/bdd-gh-1582080289|" values.yaml
sed -i -e "s/tag:.*/tag: 0.0.0-SNAPSHOT-PR-1-1/" values.yaml
echo "  version: 0.0.0-SNAPSHOT-PR-1-1" >> requirements.yaml
** step helm build
WARNING: No $CHART_REPOSITORY defined so using the default value of: http://jenkins-x-chartmuseum:8080
Adding missing Helm repo: storage.googleapis.com https://storage.googleapis.com/chartmuseum.jenkins-x.io
WARNING: No secrets found on "helm/repos" due: reading the secret "helm/repos" from vault: no secret "helm/repos" not found in vault
Read credentials for https://storage.googleapis.com/chartmuseum.jenkins-x.io from vault helm/repos
Successfully added Helm repository storage.googleapis.com.
Adding missing Helm repo: jenkins-x-chartmuseum http://jenkins-x-chartmuseum:8080
WARNING: No secrets found on "helm/repos" due: reading the secret "helm/repos" from vault: no secret "helm/repos" not found in vault
Read credentials for http://jenkins-x-chartmuseum:8080 from vault helm/repos
Successfully added Helm repository jenkins-x-chartmuseum.
WARNING: No $CHART_REPOSITORY defined so using the default value of: http://jenkins-x-chartmuseum:8080
Adding missing Helm repo: chartmuseum.jenkins-x.io http://chartmuseum.jenkins-x.io
WARNING: No secrets found on "helm/repos" due: reading the secret "helm/repos" from vault: no secret "helm/repos" not found in vault
Read credentials for http://chartmuseum.jenkins-x.io from vault helm/repos
Successfully added Helm repository chartmuseum.jenkins-x.io.

Showing logs for build [32mcb-kubecd-bdd-gh-1582080289-pr-s6nmz-1[0m stage [32mfrom-build-pack[0m and container [32mstep-promote-jx-preview[0m
Creating a preview
Created environment cb-kubecd-bdd-gh-1582080289-pr-1
Namespace **-cb-kubecd-bdd-gh-1582080289-pr-1 created 
expose:
  Annotations:
    helm.sh/hook: post-install,post-upgrade
    helm.sh/hook-delete-policy: hook-succeeded
  config:
    domain: 35.205.211.154.nip.io
    exposer: Ingress
    http: "true"
preview:
  image:
    repository: gcr.io/jenkins-x-bdd3/bdd-gh-1582080289
    tag: 0.0.0-SNAPSHOT-PR-1-1

Updating PipelineActivities cb-kubecd-bdd-gh-1582080289-pr-1-1 which has status Running
WARNING: preview application http://bdd-gh-1582080289.**-cb-kubecd-bdd-gh-1582080289-pr-1.35.205.211.154.nip.io not available, error was 503 503 Service Temporarily Unavailable, delaying for: 500.513815ms
WARNING: preview application http://bdd-gh-1582080289.**-cb-kubecd-bdd-gh-1582080289-pr-1.35.205.211.154.nip.io not available, error was 503 503 Service Temporarily Unavailable, delaying for: 1.49680217s
Preview application is now available at: http://bdd-gh-1582080289.**-cb-kubecd-bdd-gh-1582080289-pr-1.35.205.211.154.nip.io
